00:00:00.000001 [1416796:shadow] n/a [WARN] [n/a] [shadow.rs:138] [shadow_rs::shadow] Shadow is running as root. Shadow does not emulate Linux permissions, and some
            applications may behave differently when running as root. It is recommended to run
            Shadow as a non-root user.
** Starting Shadow 3.3.0
00:00:00.001629 [1416796:shadow] n/a [INFO] [n/a] [shadow.rs:198] [shadow_rs::shadow] Shadow 3.3.0
00:00:00.001634 [1416796:shadow] n/a [INFO] [n/a] [shadow.rs:198] [shadow_rs::shadow] GLib 2.80.0
00:00:00.001634 [1416796:shadow] n/a [INFO] [n/a] [shadow.rs:198] [shadow_rs::shadow] Built on 2026-05-13--16:47:44
00:00:00.001634 [1416796:shadow] n/a [INFO] [n/a] [shadow.rs:198] [shadow_rs::shadow] Built from git branch arm64-port
00:00:00.001635 [1416796:shadow] n/a [INFO] [n/a] [shadow.rs:198] [shadow_rs::shadow] Shadow was built with PROFILE=release, OPT_LEVEL=3, DEBUG=false, RUSTFLAGS="-C force-frame-pointers=y", CFLAGS="-O3 -ggdb -fno-omit-frame-pointer -Wreturn-type -Wswitch -DNDEBUG"
00:00:00.001635 [1416796:shadow] n/a [INFO] [n/a] [shadow.rs:198] [shadow_rs::shadow] For more information, visit https://shadow.github.io or https://github.com/shadow
00:00:00.001635 [1416796:shadow] n/a [INFO] [n/a] [shadow.rs:200] [shadow_rs::shadow] Logging current startup arguments and environment
00:00:00.001636 [1416796:shadow] n/a [INFO] [n/a] [shadow.rs:454] [shadow_rs::shadow] arg: shadow
00:00:00.001636 [1416796:shadow] n/a [INFO] [n/a] [shadow.rs:454] [shadow_rs::shadow] arg: shadow.yaml
00:00:00.002956 [1416796:shadow] n/a [INFO] [n/a] [sim_config.rs:362] [shadow_rs::core::sim_config] Resolved binary path "curl" to "/usr/bin/curl"
00:00:00.004229 [1416796:shadow] n/a [INFO] [n/a] [sim_config.rs:362] [shadow_rs::core::sim_config] Resolved binary path "python3" to "/usr/bin/python3.12"
00:00:00.004850 [1416796:shadow] n/a [INFO] [n/a] [shadow.rs:224] [shadow_rs::shadow] Log message buffering is enabled for efficiency
00:00:00.004862 [1416796:shadow] n/a [WARN] [n/a] [manager.rs:80] [shadow_rs::core::manager] Couldn't find native TSC frequency. Emulated rdtsc may use a rate different than managed code expects
00:00:00.004983 [1416796:shadow] n/a [INFO] [n/a] [manager.rs:128] [shadow_rs::core::manager] Preloading the openssl crypto library is disabled
00:00:00.005276 [1416796:shadow] n/a [INFO] [n/a] [controller.rs:65] [shadow_rs::core::controller] Running simulation
00:00:00.005329 [1416796:shadow] n/a [INFO] [n/a] [manager.rs:298] [shadow_rs::core::manager] The parallelism option was 0, so using parallelism=14
00:00:00.018103 [1416819:shadow-worker] 00:00:00.000217040 [WARN] [server:11.0.0.4] [unix.rs:2353] [shadow_rs::host::descriptor::socket::unix] (LOG_ONCE) Unix sockets with pathname addresses are not yet supported
00:00:00.048442 [1416819:shadow-worker] 00:00:00.001183560 [WARN] [server:11.0.0.4] [regular_file.c:393] [regularfile_openat] Opening unsupported proc file. Contents may incorrectly refer to native process instead of emulated, and/or have nondeterministic contents: /proc/sys/crypto/fips_enabled
00:00:00.055865 [1416819:shadow-worker] 00:00:00.001416140 [WARN] [server:11.0.0.4] [legacy_tcp.rs:1370] [shadow_rs::host::descriptor::socket::inet::legacy_tcp] (LOG_ONCE) setsockopt called with unsupported level 41 and opt 26
00:00:00.057930 [1416796:shadow] n/a [INFO] [n/a] [manager.rs:739] [shadow_rs::core::manager] Process resource usage at simtime 1001481460 reported by getrusage(): ru_maxrss=0.153 GiB, ru_utime=0.000 minutes, ru_stime=0.000 minutes, ru_nvcsw=1438, ru_nivcsw=328
00:00:00.057931 [1416796:shadow] n/a [INFO] [n/a] [manager.rs:757] [shadow_rs::core::manager] System memory usage in bytes at simtime 1001481460 ns reported by /proc/meminfo: {"mem_total":16807550976,"mem_free":14838816768,"swap_total":17881284608,"swap_free":17881284608,"buffers":106496,"cached":534507520,"s_reclaimable":705757184,"shmem":24375296}
00:00:00.061880 [1416820:shadow-worker] 00:00:02.000023010 [WARN] [client1:11.0.0.1] [regular_file.c:393] [regularfile_openat] Opening unsupported proc file. Contents may incorrectly refer to native process instead of emulated, and/or have nondeterministic contents: /proc/sys/crypto/fips_enabled
00:00:00.061880 [1416821:shadow-worker] 00:00:02.000023010 [WARN] [client3:11.0.0.3] [regular_file.c:393] [regularfile_openat] Opening unsupported proc file. Contents may incorrectly refer to native process instead of emulated, and/or have nondeterministic contents: /proc/sys/crypto/fips_enabled
00:00:00.061921 [1416818:shadow-worker] 00:00:02.000023010 [WARN] [client2:11.0.0.2] [regular_file.c:393] [regularfile_openat] Opening unsupported proc file. Contents may incorrectly refer to native process instead of emulated, and/or have nondeterministic contents: /proc/sys/crypto/fips_enabled
00:00:00.063328 [1416818:shadow-worker] 00:00:02.000088150 [WARN] [client2:11.0.0.2] [futex.rs:246] [shadow_rs::host::syscall::handler::futex] (LOG_ONCE) set_robust_list was called but we don't yet support it
00:00:00.063628 [1416818:shadow-worker] 00:00:02.000104260 [WARN] [client2:11.0.0.2] [legacy_tcp.rs:1370] [shadow_rs::host::descriptor::socket::inet::legacy_tcp] (LOG_ONCE) setsockopt called with unsupported level 6 and opt 4
00:00:00.063630 [1416818:shadow-worker] 00:00:02.000104260 [WARN] [client2:11.0.0.2] [legacy_tcp.rs:1370] [shadow_rs::host::descriptor::socket::inet::legacy_tcp] (LOG_ONCE) setsockopt called with unsupported level 6 and opt 5
00:00:00.064011 [1416796:shadow] n/a [INFO] [n/a] [manager.rs:739] [shadow_rs::core::manager] Process resource usage at simtime 2002108260 reported by getrusage(): ru_maxrss=0.153 GiB, ru_utime=0.000 minutes, ru_stime=0.000 minutes, ru_nvcsw=1813, ru_nivcsw=367
00:00:00.064013 [1416796:shadow] n/a [INFO] [n/a] [manager.rs:757] [shadow_rs::core::manager] System memory usage in bytes at simtime 2002108260 ns reported by /proc/meminfo: {"mem_total":16807550976,"mem_free":14832754688,"swap_total":17881284608,"swap_free":17881284608,"buffers":106496,"cached":535085056,"s_reclaimable":705757184,"shmem":24387584}
00:00:00.070374 [1416796:shadow] n/a [INFO] [n/a] [manager.rs:739] [shadow_rs::core::manager] Process resource usage at simtime 3002121380 reported by getrusage(): ru_maxrss=0.153 GiB, ru_utime=0.000 minutes, ru_stime=0.000 minutes, ru_nvcsw=1883, ru_nivcsw=837
00:00:00.070375 [1416796:shadow] n/a [INFO] [n/a] [manager.rs:757] [shadow_rs::core::manager] System memory usage in bytes at simtime 3002121380 ns reported by /proc/meminfo: {"mem_total":16807550976,"mem_free":14831955968,"swap_total":17881284608,"swap_free":17881284608,"buffers":106496,"cached":535085056,"s_reclaimable":705757184,"shmem":24387584}
00:00:00.070467 [1416796:shadow] n/a [INFO] [n/a] [manager.rs:739] [shadow_rs::core::manager] Process resource usage at simtime 4003206650 reported by getrusage(): ru_maxrss=0.153 GiB, ru_utime=0.000 minutes, ru_stime=0.000 minutes, ru_nvcsw=1885, ru_nivcsw=839
00:00:00.070468 [1416796:shadow] n/a [INFO] [n/a] [manager.rs:757] [shadow_rs::core::manager] System memory usage in bytes at simtime 4003206650 ns reported by /proc/meminfo: {"mem_total":16807550976,"mem_free":14831955968,"swap_total":17881284608,"swap_free":17881284608,"buffers":106496,"cached":535085056,"s_reclaimable":705757184,"shmem":24387584}
00:00:00.070513 [1416796:shadow] n/a [INFO] [n/a] [manager.rs:739] [shadow_rs::core::manager] Process resource usage at simtime 5003208670 reported by getrusage(): ru_maxrss=0.153 GiB, ru_utime=0.000 minutes, ru_stime=0.000 minutes, ru_nvcsw=1887, ru_nivcsw=841
00:00:00.070514 [1416796:shadow] n/a [INFO] [n/a] [manager.rs:757] [shadow_rs::core::manager] System memory usage in bytes at simtime 5003208670 ns reported by /proc/meminfo: {"mem_total":16807550976,"mem_free":14831955968,"swap_total":17881284608,"swap_free":17881284608,"buffers":106496,"cached":535085056,"s_reclaimable":705757184,"shmem":24387584}
00:00:00.070557 [1416796:shadow] n/a [INFO] [n/a] [manager.rs:739] [shadow_rs::core::manager] Process resource usage at simtime 6003210690 reported by getrusage(): ru_maxrss=0.153 GiB, ru_utime=0.000 minutes, ru_stime=0.000 minutes, ru_nvcsw=1889, ru_nivcsw=843
00:00:00.070557 [1416796:shadow] n/a [INFO] [n/a] [manager.rs:757] [shadow_rs::core::manager] System memory usage in bytes at simtime 6003210690 ns reported by /proc/meminfo: {"mem_total":16807550976,"mem_free":14831955968,"swap_total":17881284608,"swap_free":17881284608,"buffers":106496,"cached":535085056,"s_reclaimable":705757184,"shmem":24387584}
00:00:00.070599 [1416796:shadow] n/a [INFO] [n/a] [manager.rs:739] [shadow_rs::core::manager] Process resource usage at simtime 7003212710 reported by getrusage(): ru_maxrss=0.153 GiB, ru_utime=0.000 minutes, ru_stime=0.000 minutes, ru_nvcsw=1891, ru_nivcsw=845
00:00:00.070599 [1416796:shadow] n/a [INFO] [n/a] [manager.rs:757] [shadow_rs::core::manager] System memory usage in bytes at simtime 7003212710 ns reported by /proc/meminfo: {"mem_total":16807550976,"mem_free":14831955968,"swap_total":17881284608,"swap_free":17881284608,"buffers":106496,"cached":535085056,"s_reclaimable":705757184,"shmem":24387584}
00:00:00.070652 [1416796:shadow] n/a [INFO] [n/a] [manager.rs:739] [shadow_rs::core::manager] Process resource usage at simtime 8003214730 reported by getrusage(): ru_maxrss=0.153 GiB, ru_utime=0.000 minutes, ru_stime=0.000 minutes, ru_nvcsw=1893, ru_nivcsw=847
00:00:00.070653 [1416796:shadow] n/a [INFO] [n/a] [manager.rs:757] [shadow_rs::core::manager] System memory usage in bytes at simtime 8003214730 ns reported by /proc/meminfo: {"mem_total":16807550976,"mem_free":14831955968,"swap_total":17881284608,"swap_free":17881284608,"buffers":106496,"cached":535085056,"s_reclaimable":705757184,"shmem":24387584}
00:00:00.070702 [1416796:shadow] n/a [INFO] [n/a] [manager.rs:739] [shadow_rs::core::manager] Process resource usage at simtime 9003216750 reported by getrusage(): ru_maxrss=0.153 GiB, ru_utime=0.000 minutes, ru_stime=0.000 minutes, ru_nvcsw=1895, ru_nivcsw=849
00:00:00.070702 [1416796:shadow] n/a [INFO] [n/a] [manager.rs:757] [shadow_rs::core::manager] System memory usage in bytes at simtime 9003216750 ns reported by /proc/meminfo: {"mem_total":16807550976,"mem_free":14831955968,"swap_total":17881284608,"swap_free":17881284608,"buffers":106496,"cached":535085056,"s_reclaimable":705757184,"shmem":24387584}
00:00:00.071355 [1416796:shadow] n/a [INFO] [n/a] [manager.rs:589] [shadow_rs::core::manager] Global syscall counts: {newfstatat:429, futex:299, fstat:209, read:206, rt_sigaction:176, lseek:161, close:152, openat:136, ioctl:92, ppoll:54, mmap:51, getdents64:36, brk:35, fcntl:31, rt_sigprocmask:30, munmap:29, mprotect:26, getsockname:17, socket:17, unknown-syscall:17, write:16, setsockopt:14, connect:13, sendto:9, gettid:8, recvfrom:8, clone3:6, getpeername:6, madvise:6, pipe2:6, rseq:6, set_robust_list:6, getrandom:5, getcwd:4, geteuid:4, accept4:3, exit_group:3, getsockopt:3, shutdown:3, getuid:2, uname:2, bind:1, epoll_create1:1, getegid:1, getgid:1, listen:1, readlinkat:1}
00:00:00.071357 [1416796:shadow] n/a [INFO] [n/a] [manager.rs:597] [shadow_rs::core::manager] Global allocated object counts: {TaskRef:1372, Event:627, StatusListener:313, SysCallCondition:274, Timer:246, Descriptor:168, LegacyDescriptor:165, RegularFile:148, OpenFile:66, Packet:60, Futex:58, EpollWatch:39, OpenFileInner:30, Relay:12, Epoll:11, Thread:10, DescriptorTable:8, NetworkInterface:8, LegacyTcpSocket:7, TCP:7, FutexTable:4, Router:4}
00:00:00.071359 [1416796:shadow] n/a [INFO] [n/a] [manager.rs:598] [shadow_rs::core::manager] Global deallocated object counts: {TaskRef:1372, Event:627, StatusListener:313, SysCallCondition:274, Timer:246, Descriptor:168, LegacyDescriptor:165, RegularFile:148, OpenFile:66, Packet:60, Futex:58, EpollWatch:39, OpenFileInner:30, Relay:12, Epoll:11, Thread:10, DescriptorTable:8, NetworkInterface:8, LegacyTcpSocket:7, TCP:7, FutexTable:4, Router:4}
00:00:00.071360 [1416796:shadow] n/a [INFO] [n/a] [manager.rs:601] [shadow_rs::core::manager] We allocated and deallocated the same number of objects :)
00:00:00.074640 [1416796:shadow] n/a [INFO] [n/a] [controller.rs:67] [shadow_rs::core::controller] Finished simulation
00:00:00.074641 [1416796:shadow] n/a [INFO] [n/a] [shadow.rs:234] [shadow_rs::shadow] Log message buffering is disabled during cleanup
** Shadow completed successfully
